<?xml version="1.0" encoding="UTF-8"?>
<!-- Generated by org.testng.reporters.JUnitXMLReporter -->
<testsuite ignored="0" hostname="DESKTOP-HTLAL2F" failures="0" tests="1" name="Test-Runner2" time="143.128" errors="0" timestamp="2023-08-31T14:56:25 IST">
  <testcase classname="ContaCt.CreateOrgWithIndustryUsingGUTest" name="CreateOrgWithIndustryUsingGU" time="59.248"/>
</testsuite> <!-- Test-Runner2 -->
