<?xml version="1.0" encoding="UTF-8"?>
<!-- Generated by org.testng.reporters.JUnitXMLReporter -->
<testsuite ignored="0" hostname="DESKTOP-HTLAL2F" failures="0" tests="1" name="Test-Runner1" time="158.919" errors="0" timestamp="2023-08-31T14:56:41 IST">
  <testcase classname="ContaCt.CreateContactWithOrgUsingGUTest" name="CreateContactWithOrgUsingGU" time="158.79"/>
</testsuite> <!-- Test-Runner1 -->
