<?xml version="1.0" encoding="UTF-8"?>
<!-- Generated by org.testng.reporters.JUnitReportReporter -->
<testsuite hostname="DESKTOP-HTLAL2F" failures="0" tests="1" name="automation.AssertionPractise" time="0.032" errors="0" timestamp="2023-08-29T14:57:40 IST" skipped="0">
  <testcase classname="automation.AssertionPractise" name="test2" time="0.032"/>
  <system-out/>
</testsuite> <!-- automation.AssertionPractise -->
