<?xml version="1.0" encoding="UTF-8"?>
<!-- Generated by org.testng.reporters.JUnitReportReporter -->
<testsuite hostname="DESKTOP-HTLAL2F" failures="0" tests="3" name="TestNgPractise.TestngPriority" time="0.032" errors="0" timestamp="2023-08-21T15:58:55 IST" skipped="0">
  <testcase classname="TestNgPractise.TestngPriority" name="createContact" time="0.022"/>
  <system-out/>
  <testcase classname="TestNgPractise.TestngPriority" name="modifyContact" time="0.003"/>
  <system-out/>
  <testcase classname="TestNgPractise.TestngPriority" name="deleteContact" time="0.007"/>
  <system-out/>
</testsuite> <!-- TestNgPractise.TestngPriority -->
