<?xml version="1.0" encoding="UTF-8"?>
<!-- Generated by org.testng.reporters.JUnitReportReporter -->
<testsuite hostname="DESKTOP-HTLAL2F" failures="0" tests="1" name="TestNgPractise.CreateOrgWithIndustryTest" time="207.933" errors="0" timestamp="2023-08-21T15:43:08 IST" skipped="0">
  <testcase classname="TestNgPractise.CreateOrgWithIndustryTest" name="createOrgWithIndustry" time="207.933"/>
  <system-out/>
</testsuite> <!-- TestNgPractise.CreateOrgWithIndustryTest -->
