<?xml version="1.0" encoding="UTF-8"?>
<!-- Generated by org.testng.reporters.JUnitReportReporter -->
<testsuite hostname="DESKTOP-HTLAL2F" failures="0" tests="6" name="TestNgPractise.DataProviderPractise" time="0.069" errors="0" timestamp="2023-08-23T15:10:17 IST" skipped="0">
  <testcase classname="TestNgPractise.DataProviderPractise" name="addProductToCart" time="0.019"/>
  <system-out/>
  <testcase classname="TestNgPractise.DataProviderPractise" name="addProductToCart" time="0.003"/>
  <system-out/>
  <testcase classname="TestNgPractise.DataProviderPractise" name="addProductToCart1" time="0.005"/>
  <system-out/>
  <testcase classname="TestNgPractise.DataProviderPractise" name="addProductToCart1" time="0.008"/>
  <system-out/>
  <testcase classname="TestNgPractise.DataProviderPractise" name="addProductToCart1" time="0.024"/>
  <system-out/>
  <testcase classname="TestNgPractise.DataProviderPractise" name="addProductToCart1" time="0.010"/>
  <system-out/>
</testsuite> <!-- TestNgPractise.DataProviderPractise -->
