<?xml version="1.0" encoding="UTF-8"?>
<!-- Generated by org.testng.reporters.JUnitReportReporter -->
<testsuite hostname="DESKTOP-HTLAL2F" failures="0" tests="1" name="ContaCt.CreateContactWithOrgUsingGUTest" time="50.417" errors="0" timestamp="2023-09-12T18:46:10 IST" skipped="0">
  <testcase classname="ContaCt.CreateContactWithOrgUsingGUTest" name="CreateContactWithOrgUsingGU" time="50.417"/>
  <system-out/>
</testsuite> <!-- ContaCt.CreateContactWithOrgUsingGUTest -->
