<?xml version="1.0" encoding="UTF-8"?>
<!-- Generated by org.testng.reporters.JUnitReportReporter -->
<testsuite hostname="DESKTOP-HTLAL2F" failures="0" tests="1" name="ContaCt.CreateContactWithOrgUsingGUTest" time="62.654" errors="0" timestamp="2023-09-15T15:31:02 IST" skipped="0">
  <testcase classname="ContaCt.CreateContactWithOrgUsingGUTest" name="CreateContactWithOrgUsingGU" time="62.654"/>
  <system-out/>
</testsuite> <!-- ContaCt.CreateContactWithOrgUsingGUTest -->
