<?xml version="1.0" encoding="UTF-8"?>
<!-- Generated by org.testng.reporters.JUnitReportReporter -->
<testsuite hostname="DESKTOP-HTLAL2F" failures="0" tests="1" name="TestNgPractise.TestNg1" time="0.122" errors="0" timestamp="2023-08-21T14:42:55 IST" skipped="0">
  <testcase classname="TestNgPractise.TestNg1" name="TestNg" time="0.122"/>
  <system-out/>
</testsuite> <!-- TestNgPractise.TestNg1 -->
