<?xml version="1.0" encoding="UTF-8"?>
<!-- Generated by org.testng.reporters.JUnitReportReporter -->
<testsuite hostname="DESKTOP-HTLAL2F" failures="0" tests="1" name="ContaCt.CreateOrgWithIndustryUsingGUTest" time="25.773" errors="0" timestamp="2023-09-12T18:47:38 IST" skipped="0">
  <testcase classname="ContaCt.CreateOrgWithIndustryUsingGUTest" name="CreateOrgWithIndustryUsingGU" time="25.773"/>
  <system-out/>
</testsuite> <!-- ContaCt.CreateOrgWithIndustryUsingGUTest -->
