<?xml version="1.0" encoding="UTF-8"?>
<!-- Generated by org.testng.reporters.JUnitReportReporter -->
<testsuite hostname="DESKTOP-HTLAL2F" failures="0" tests="1" name="automation.CreateContactWithOrgUsingGU" time="202.555" errors="0" timestamp="2023-08-29T15:07:02 IST" skipped="0">
  <testcase classname="automation.CreateContactWithOrgUsingGU" name="CreateContactWithOrgUsingGU" time="202.555"/>
  <system-out/>
</testsuite> <!-- automation.CreateContactWithOrgUsingGU -->
