<?xml version="1.0" encoding="UTF-8"?>
<!-- Generated by org.testng.reporters.JUnitReportReporter -->
<testsuite hostname="DESKTOP-HTLAL2F" failures="0" tests="1" name="TestingPOM.TestPOMTest" time="102.216" errors="0" timestamp="2023-08-28T15:28:02 IST" skipped="0">
  <testcase classname="TestingPOM.TestPOMTest" name="TestPOMTest" time="102.216"/>
  <system-out/>
</testsuite> <!-- TestingPOM.TestPOMTest -->
